app/build/intermediates/manifest_merge_blame_file/debug/manifest-merger-blame-debug-report.txt
1<?xml version="1.0" encoding="utf-8"?>
2<manifest xmlns:android="http://schemas.android.com/apk/res/android"
3    package="id.co.dhanapps"
4    android:versionCode="1"
5    android:versionName="1.0" >
6
7    <uses-sdk
8        android:minSdkVersion="16"
8-->src\main\AndroidManifest.xml
9        android:targetSdkVersion="30" />
9-->src\main\AndroidManifest.xml
10    <!--
11         The ACCESS_COARSE/FINE_LOCATION permissions are not required to use
12         Google Maps Android API v2, but you must specify either coarse or fine
13         location permissions for the "MyLocation" functionality.
14    -->
15    <uses-permission android:name="android.permission.ACCESS_FINE_LOCATION" />
15-->src\main\AndroidManifest.xml:9:5-79
15-->src\main\AndroidManifest.xml:9:22-76
16    <uses-permission android:name="android.permission.INTERNET" />
16-->src\main\AndroidManifest.xml:10:5-67
16-->src\main\AndroidManifest.xml:10:22-64
17    <uses-permission android:name="android.permission.ACCESS_NETWORK_STATE" />
17-->src\main\AndroidManifest.xml:11:5-79
17-->src\main\AndroidManifest.xml:11:22-76
18    <uses-permission android:name="android.permission.CALL_PHONE" />
18-->src\main\AndroidManifest.xml:12:5-69
18-->src\main\AndroidManifest.xml:12:22-66
19    <uses-permission android:name="android.permission.ACCESS_WIFI_STATE" />
19-->[com.google.android.libraries.places:places:2.3.0] AndroidManifest.xml:10:5-76
19-->[com.google.android.libraries.places:places:2.3.0] AndroidManifest.xml:10:22-73
20
21    <uses-feature
21-->[com.google.android.gms:play-services-maps:17.0.0] AndroidManifest.xml:26:5-28:35
22        android:glEsVersion="0x00020000"
22-->[com.google.android.gms:play-services-maps:17.0.0] AndroidManifest.xml:27:9-41
23        android:required="true" />
23-->[com.google.android.gms:play-services-maps:17.0.0] AndroidManifest.xml:28:9-32
24
25    <application
25-->src\main\AndroidManifest.xml:14:5-49:19
26        android:name="id.co.dhanapps.GoStudioApplication"
26-->src\main\AndroidManifest.xml:15:9-44
27        android:allowBackup="true"
27-->src\main\AndroidManifest.xml:16:9-35
28        android:appComponentFactory="androidx.core.app.CoreComponentFactory"
28-->[androidx.core:core:1.3.2] AndroidManifest.xml:24:18-86
29        android:debuggable="true"
30        android:icon="@mipmap/ic_launcher"
30-->src\main\AndroidManifest.xml:17:9-43
31        android:label="@string/app_name"
31-->src\main\AndroidManifest.xml:18:9-41
32        android:roundIcon="@mipmap/ic_launcher_round"
32-->src\main\AndroidManifest.xml:19:9-54
33        android:supportsRtl="true"
33-->src\main\AndroidManifest.xml:20:9-35
34        android:testOnly="true"
35        android:theme="@style/Theme.DhanApps"
35-->src\main\AndroidManifest.xml:22:9-46
36        android:usesCleartextTraffic="true" >
36-->src\main\AndroidManifest.xml:21:9-44
37        <activity android:name="id.co.dhanapps.view.InputPaketActivity" />
37-->src\main\AndroidManifest.xml:23:9-70
37-->src\main\AndroidManifest.xml:23:19-58
38        <activity android:name="id.co.dhanapps.view.EditStudioActivity" />
38-->src\main\AndroidManifest.xml:24:9-61
38-->src\main\AndroidManifest.xml:24:19-58
39        <!--
40             The API key for Google Maps-based APIs is defined as a string resource.
41             (See the file "res/values/google_maps_api.xml").
42             Note that the API key is linked to the encryption key used to sign the APK.
43             You need a different API key for each encryption key, including the release key that is used to
44             sign the APK for publishing.
45             You can define the keys for the debug and release targets in src/debug/ and src/release/.
46        -->
47        <meta-data
47-->src\main\AndroidManifest.xml:33:9-35:55
48            android:name="com.google.android.geo.API_KEY"
48-->src\main\AndroidManifest.xml:34:13-58
49            android:value="@string/google_maps_key" />
49-->src\main\AndroidManifest.xml:35:13-52
50
51        <activity
51-->src\main\AndroidManifest.xml:37:9-39:66
52            android:name="id.co.dhanapps.view.MapsStudioActivity"
52-->src\main\AndroidManifest.xml:38:13-52
53            android:label="@string/title_activity_maps_studio" />
53-->src\main\AndroidManifest.xml:39:13-63
54        <activity android:name="id.co.dhanapps.view.DetailStudioActivity" />
54-->src\main\AndroidManifest.xml:40:9-63
54-->src\main\AndroidManifest.xml:40:19-60
55        <activity android:name="id.co.dhanapps.view.login.LoginActivity" />
55-->src\main\AndroidManifest.xml:41:9-62
55-->src\main\AndroidManifest.xml:41:19-59
56        <activity android:name="id.co.dhanapps.view.home.MainActivity" >
56-->src\main\AndroidManifest.xml:42:9-48:20
56-->src\main\AndroidManifest.xml:42:19-57
57            <intent-filter>
57-->src\main\AndroidManifest.xml:43:13-47:29
58                <action android:name="android.intent.action.MAIN" />
58-->src\main\AndroidManifest.xml:44:17-69
58-->src\main\AndroidManifest.xml:44:25-66
59
60                <category android:name="android.intent.category.LAUNCHER" />
60-->src\main\AndroidManifest.xml:46:17-77
60-->src\main\AndroidManifest.xml:46:27-74
61            </intent-filter>
62        </activity>
63        <activity
63-->[com.google.android.libraries.places:places:2.3.0] AndroidManifest.xml:14:9-20:20
64            android:name="com.google.android.libraries.places.widget.AutocompleteActivity"
64-->[com.google.android.libraries.places:places:2.3.0] AndroidManifest.xml:15:13-91
65            android:exported="false"
65-->[com.google.android.libraries.places:places:2.3.0] AndroidManifest.xml:16:13-37
66            android:label="@string/places_autocomplete_label"
66-->[com.google.android.libraries.places:places:2.3.0] AndroidManifest.xml:17:13-62
67            android:theme="@style/PlacesAutocompleteOverlay"
67-->[com.google.android.libraries.places:places:2.3.0] AndroidManifest.xml:18:13-61
68            android:windowSoftInputMode="adjustResize" >
68-->[com.google.android.libraries.places:places:2.3.0] AndroidManifest.xml:19:13-55
69        </activity> <!-- Needs to be explicitly declared on P+ -->
70        <uses-library
70-->[com.google.android.gms:play-services-maps:17.0.0] AndroidManifest.xml:33:9-35:40
71            android:name="org.apache.http.legacy"
71-->[com.google.android.gms:play-services-maps:17.0.0] AndroidManifest.xml:34:13-50
72            android:required="false" />
72-->[com.google.android.gms:play-services-maps:17.0.0] AndroidManifest.xml:35:13-37
73
74        <activity
74-->[com.google.android.gms:play-services-base:17.2.1] AndroidManifest.xml:23:9-26:75
75            android:name="com.google.android.gms.common.api.GoogleApiActivity"
75-->[com.google.android.gms:play-services-base:17.2.1] AndroidManifest.xml:24:13-79
76            android:exported="false"
76-->[com.google.android.gms:play-services-base:17.2.1] AndroidManifest.xml:25:13-37
77            android:theme="@android:style/Theme.Translucent.NoTitleBar" />
77-->[com.google.android.gms:play-services-base:17.2.1] AndroidManifest.xml:26:13-72
78
79        <meta-data
79-->[com.google.maps.android:android-maps-utils:0.5] AndroidManifest.xml:8:9-10:69
80            android:name="com.google.android.gms.version"
80-->[com.google.maps.android:android-maps-utils:0.5] AndroidManifest.xml:9:13-58
81            android:value="@integer/google_play_services_version" />
81-->[com.google.maps.android:android-maps-utils:0.5] AndroidManifest.xml:10:13-66
82
83        <service
83-->[androidx.room:room-runtime:2.2.5] AndroidManifest.xml:25:9-28:40
84            android:name="androidx.room.MultiInstanceInvalidationService"
84-->[androidx.room:room-runtime:2.2.5] AndroidManifest.xml:26:13-74
85            android:directBootAware="true"
85-->[androidx.room:room-runtime:2.2.5] AndroidManifest.xml:27:13-43
86            android:exported="false" />
86-->[androidx.room:room-runtime:2.2.5] AndroidManifest.xml:28:13-37
87
88        <provider
88-->[androidx.lifecycle:lifecycle-process:2.1.0] AndroidManifest.xml:23:9-27:43
89            android:name="androidx.lifecycle.ProcessLifecycleOwnerInitializer"
89-->[androidx.lifecycle:lifecycle-process:2.1.0] AndroidManifest.xml:24:13-79
90            android:authorities="id.co.dhanapps.lifecycle-process"
90-->[androidx.lifecycle:lifecycle-process:2.1.0] AndroidManifest.xml:25:13-69
91            android:exported="false"
91-->[androidx.lifecycle:lifecycle-process:2.1.0] AndroidManifest.xml:26:13-37
92            android:multiprocess="true" />
92-->[androidx.lifecycle:lifecycle-process:2.1.0] AndroidManifest.xml:27:13-40
93
94        <service
94-->[com.google.android.datatransport:transport-backend-cct:2.1.0] AndroidManifest.xml:29:9-35:19
95            android:name="com.google.android.datatransport.runtime.backends.TransportBackendDiscovery"
95-->[com.google.android.datatransport:transport-backend-cct:2.1.0] AndroidManifest.xml:30:13-103
96            android:exported="false" >
96-->[com.google.android.datatransport:transport-backend-cct:2.1.0] AndroidManifest.xml:31:13-37
97            <meta-data
97-->[com.google.android.datatransport:transport-backend-cct:2.1.0] AndroidManifest.xml:32:13-34:39
98                android:name="backend:com.google.android.datatransport.cct.CctBackendFactory"
98-->[com.google.android.datatransport:transport-backend-cct:2.1.0] AndroidManifest.xml:33:17-94
99                android:value="cct" />
99-->[com.google.android.datatransport:transport-backend-cct:2.1.0] AndroidManifest.xml:34:17-36
100        </service>
101        <service
101-->[com.google.android.datatransport:transport-runtime:2.1.0] AndroidManifest.xml:26:9-30:19
102            android:name="com.google.android.datatransport.runtime.scheduling.jobscheduling.JobInfoSchedulerService"
102-->[com.google.android.datatransport:transport-runtime:2.1.0] AndroidManifest.xml:27:13-117
103            android:exported="false"
103-->[com.google.android.datatransport:transport-runtime:2.1.0] AndroidManifest.xml:28:13-37
104            android:permission="android.permission.BIND_JOB_SERVICE" >
104-->[com.google.android.datatransport:transport-runtime:2.1.0] AndroidManifest.xml:29:13-69
105        </service>
106
107        <receiver
107-->[com.google.android.datatransport:transport-runtime:2.1.0] AndroidManifest.xml:32:9-34:40
108            android:name="com.google.android.datatransport.runtime.scheduling.jobscheduling.AlarmManagerSchedulerBroadcastReceiver"
108-->[com.google.android.datatransport:transport-runtime:2.1.0] AndroidManifest.xml:33:13-132
109            android:exported="false" />
109-->[com.google.android.datatransport:transport-runtime:2.1.0] AndroidManifest.xml:34:13-37
110    </application>
111
112</manifest>